TN:
SF:src/modules/appointments/services/CreateAppointmentService.ts
FN:30,(anonymous_18)
FN:31,CreateAppointmentService
FN:37,(anonymous_20)
FNF:3
FNH:3
FNDA:1,(anonymous_18)
FNDA:2,CreateAppointmentService
FNDA:3,(anonymous_20)
DA:4,1
DA:5,1
DA:6,1
DA:30,1
DA:33,2
DA:37,3
DA:38,3
DA:40,3
DA:44,3
DA:45,1
DA:48,2
DA:53,2
DA:55,1
DA:57,1
LF:14
LH:14
BRDA:44,0,0,1
BRDA:44,0,1,2
BRF:2
BRH:2
end_of_record
TN:
SF:src/modules/users/services/AuthenticateUserService.ts
FN:23,(anonymous_18)
FN:24,AuthenticateUserService
FN:33,(anonymous_20)
FNF:3
FNH:3
FNDA:1,(anonymous_18)
FNDA:3,AuthenticateUserService
FNDA:3,(anonymous_20)
DA:2,1
DA:4,1
DA:5,1
DA:6,1
DA:23,1
DA:26,3
DA:28,3
DA:33,3
DA:35,3
DA:37,3
DA:39,1
DA:46,2
DA:48,2
DA:49,1
DA:52,1
DA:54,1
DA:63,1
DA:68,1
DA:70,1
LF:19
LH:19
BRDA:35,0,0,3
BRDA:37,1,0,1
BRDA:37,1,1,2
BRDA:48,2,0,1
BRDA:48,2,1,1
BRF:5
BRH:5
end_of_record
TN:
SF:src/modules/users/services/CreateUserService.ts
FN:17,(anonymous_18)
FN:18,CreateUserService
FN:28,(anonymous_20)
FNF:3
FNH:3
FNDA:2,(anonymous_18)
FNDA:4,CreateUserService
FNDA:5,(anonymous_20)
DA:2,2
DA:3,2
DA:17,2
DA:20,4
DA:23,4
DA:28,5
DA:30,5
DA:32,5
DA:33,1
DA:36,4
DA:39,4
DA:45,4
DA:49,2
DA:51,2
LF:14
LH:14
BRDA:30,0,0,5
BRDA:32,1,0,1
BRDA:32,1,1,4
BRF:3
BRH:3
end_of_record
TN:
SF:src/modules/users/services/UpdateUserAvatarService.ts
FN:16,(anonymous_18)
FN:17,UpdateUserAvatarService
FN:26,(anonymous_20)
FNF:3
FNH:3
FNDA:1,(anonymous_18)
FNDA:3,UpdateUserAvatarService
FNDA:4,(anonymous_20)
DA:2,1
DA:6,1
DA:16,1
DA:19,3
DA:21,3
DA:26,4
DA:27,4
DA:29,4
DA:30,1
DA:34,5
DA:36,2
DA:39,3
DA:41,3
DA:43,6
DA:45,3
DA:47,1
DA:49,1
LF:17
LH:17
BRDA:27,0,0,4
BRDA:27,0,1,3
BRDA:29,1,0,1
BRDA:29,1,1,3
BRDA:34,2,0,2
BRDA:34,2,1,1
BRF:6
BRH:6
end_of_record
